Analysis & Synthesis report for Lab5
Fri Jun 02 16:35:09 2023
Quartus Prime Version 20.1.1 Build 720 11/11/2020 SJ Lite Edition


---------------------
; Table of Contents ;
---------------------
  1. Legal Notice
  2. Analysis & Synthesis Summary
  3. Analysis & Synthesis Settings
  4. Parallel Compilation
  5. Analysis & Synthesis Source Files Read
  6. Analysis & Synthesis Resource Usage Summary
  7. Analysis & Synthesis Resource Utilization by Entity
  8. General Register Statistics
  9. Parameter Settings for User Entity Instance: counter:clk_counter
 10. Parameter Settings for User Entity Instance: counter:sec_counter
 11. Parameter Settings for User Entity Instance: counter:min_counter
 12. Parameter Settings for User Entity Instance: counter:hrs_counter
 13. Parameter Settings for Inferred Entity Instance: parser:sec_parser|lpm_divide:Mod0
 14. Parameter Settings for Inferred Entity Instance: parser:sec_parser|lpm_divide:Div0
 15. Parameter Settings for Inferred Entity Instance: parser:min_parser|lpm_divide:Mod0
 16. Parameter Settings for Inferred Entity Instance: parser:min_parser|lpm_divide:Div0
 17. Parameter Settings for Inferred Entity Instance: parser:hrs_parser|lpm_divide:Mod0
 18. Parameter Settings for Inferred Entity Instance: parser:hrs_parser|lpm_divide:Div0
 19. Post-Synthesis Netlist Statistics for Top Partition
 20. Elapsed Time Per Partition
 21. Analysis & Synthesis Messages



----------------
; Legal Notice ;
----------------
Copyright (C) 2020  Intel Corporation. All rights reserved.
Your use of Intel Corporation's design tools, logic functions 
and other software and tools, and any partner logic 
functions, and any output files from any of the foregoing 
(including device programming or simulation files), and any 
associated documentation or information are expressly subject 
to the terms and conditions of the Intel Program License 
Subscription Agreement, the Intel Quartus Prime License Agreement,
the Intel FPGA IP License Agreement, or other applicable license
agreement, including, without limitation, that your use is for
the sole purpose of programming logic devices manufactured by
Intel and sold by Intel or its authorized distributors.  Please
refer to the applicable agreement for further details, at
https://fpgasoftware.intel.com/eula.



+----------------------------------------------------------------------------------+
; Analysis & Synthesis Summary                                                     ;
+------------------------------------+---------------------------------------------+
; Analysis & Synthesis Status        ; Successful - Fri Jun 02 16:35:09 2023       ;
; Quartus Prime Version              ; 20.1.1 Build 720 11/11/2020 SJ Lite Edition ;
; Revision Name                      ; Lab5                                        ;
; Top-level Entity Name              ; Lab5                                        ;
; Family                             ; MAX 10                                      ;
; Total logic elements               ; 394                                         ;
;     Total combinational functions  ; 390                                         ;
;     Dedicated logic registers      ; 52                                          ;
; Total registers                    ; 52                                          ;
; Total pins                         ; 44                                          ;
; Total virtual pins                 ; 0                                           ;
; Total memory bits                  ; 0                                           ;
; Embedded Multiplier 9-bit elements ; 0                                           ;
; Total PLLs                         ; 0                                           ;
; UFM blocks                         ; 0                                           ;
; ADC blocks                         ; 0                                           ;
+------------------------------------+---------------------------------------------+


+------------------------------------------------------------------------------------------------------------+
; Analysis & Synthesis Settings                                                                              ;
+------------------------------------------------------------------+--------------------+--------------------+
; Option                                                           ; Setting            ; Default Value      ;
+------------------------------------------------------------------+--------------------+--------------------+
; Device                                                           ; 10M50DAF484C7G     ;                    ;
; Top-level entity name                                            ; Lab5               ; Lab5               ;
; Family name                                                      ; MAX 10             ; Cyclone V          ;
; Use smart compilation                                            ; Off                ; Off                ;
; Enable parallel Assembler and Timing Analyzer during compilation ; On                 ; On                 ;
; Enable compact report table                                      ; Off                ; Off                ;
; Restructure Multiplexers                                         ; Auto               ; Auto               ;
; Create Debugging Nodes for IP Cores                              ; Off                ; Off                ;
; Preserve fewer node names                                        ; On                 ; On                 ;
; Intel FPGA IP Evaluation Mode                                    ; Enable             ; Enable             ;
; Verilog Version                                                  ; Verilog_2001       ; Verilog_2001       ;
; VHDL Version                                                     ; VHDL_1993          ; VHDL_1993          ;
; State Machine Processing                                         ; Auto               ; Auto               ;
; Safe State Machine                                               ; Off                ; Off                ;
; Extract Verilog State Machines                                   ; On                 ; On                 ;
; Extract VHDL State Machines                                      ; On                 ; On                 ;
; Ignore Verilog initial constructs                                ; Off                ; Off                ;
; Iteration limit for constant Verilog loops                       ; 5000               ; 5000               ;
; Iteration limit for non-constant Verilog loops                   ; 250                ; 250                ;
; Add Pass-Through Logic to Inferred RAMs                          ; On                 ; On                 ;
; Infer RAMs from Raw Logic                                        ; On                 ; On                 ;
; Parallel Synthesis                                               ; On                 ; On                 ;
; DSP Block Balancing                                              ; Auto               ; Auto               ;
; NOT Gate Push-Back                                               ; On                 ; On                 ;
; Power-Up Don't Care                                              ; On                 ; On                 ;
; Remove Redundant Logic Cells                                     ; Off                ; Off                ;
; Remove Duplicate Registers                                       ; On                 ; On                 ;
; Ignore CARRY Buffers                                             ; Off                ; Off                ;
; Ignore CASCADE Buffers                                           ; Off                ; Off                ;
; Ignore GLOBAL Buffers                                            ; Off                ; Off                ;
; Ignore ROW GLOBAL Buffers                                        ; Off                ; Off                ;
; Ignore LCELL Buffers                                             ; Off                ; Off                ;
; Ignore SOFT Buffers                                              ; On                 ; On                 ;
; Limit AHDL Integers to 32 Bits                                   ; Off                ; Off                ;
; Optimization Technique                                           ; Balanced           ; Balanced           ;
; Carry Chain Length                                               ; 70                 ; 70                 ;
; Auto Carry Chains                                                ; On                 ; On                 ;
; Auto Open-Drain Pins                                             ; On                 ; On                 ;
; Perform WYSIWYG Primitive Resynthesis                            ; Off                ; Off                ;
; Auto ROM Replacement                                             ; On                 ; On                 ;
; Auto RAM Replacement                                             ; On                 ; On                 ;
; Auto DSP Block Replacement                                       ; On                 ; On                 ;
; Auto Shift Register Replacement                                  ; Auto               ; Auto               ;
; Allow Shift Register Merging across Hierarchies                  ; Auto               ; Auto               ;
; Auto Clock Enable Replacement                                    ; On                 ; On                 ;
; Strict RAM Replacement                                           ; Off                ; Off                ;
; Allow Synchronous Control Signals                                ; On                 ; On                 ;
; Force Use of Synchronous Clear Signals                           ; Off                ; Off                ;
; Auto RAM Block Balancing                                         ; On                 ; On                 ;
; Auto RAM to Logic Cell Conversion                                ; Off                ; Off                ;
; Auto Resource Sharing                                            ; Off                ; Off                ;
; Allow Any RAM Size For Recognition                               ; Off                ; Off                ;
; Allow Any ROM Size For Recognition                               ; Off                ; Off                ;
; Allow Any Shift Register Size For Recognition                    ; Off                ; Off                ;
; Use LogicLock Constraints during Resource Balancing              ; On                 ; On                 ;
; Ignore translate_off and synthesis_off directives                ; Off                ; Off                ;
; Timing-Driven Synthesis                                          ; On                 ; On                 ;
; Report Parameter Settings                                        ; On                 ; On                 ;
; Report Source Assignments                                        ; On                 ; On                 ;
; Report Connectivity Checks                                       ; On                 ; On                 ;
; Ignore Maximum Fan-Out Assignments                               ; Off                ; Off                ;
; Synchronization Register Chain Length                            ; 2                  ; 2                  ;
; Power Optimization During Synthesis                              ; Normal compilation ; Normal compilation ;
; HDL message level                                                ; Level2             ; Level2             ;
; Suppress Register Optimization Related Messages                  ; Off                ; Off                ;
; Number of Removed Registers Reported in Synthesis Report         ; 5000               ; 5000               ;
; Number of Swept Nodes Reported in Synthesis Report               ; 5000               ; 5000               ;
; Number of Inverted Registers Reported in Synthesis Report        ; 100                ; 100                ;
; Clock MUX Protection                                             ; On                 ; On                 ;
; Auto Gated Clock Conversion                                      ; Off                ; Off                ;
; Block Design Naming                                              ; Auto               ; Auto               ;
; SDC constraint protection                                        ; Off                ; Off                ;
; Synthesis Effort                                                 ; Auto               ; Auto               ;
; Shift Register Replacement - Allow Asynchronous Clear Signal     ; On                 ; On                 ;
; Pre-Mapping Resynthesis Optimization                             ; Off                ; Off                ;
; Analysis & Synthesis Message Level                               ; Medium             ; Medium             ;
; Disable Register Merging Across Hierarchies                      ; Auto               ; Auto               ;
; Resource Aware Inference For Block RAM                           ; On                 ; On                 ;
+------------------------------------------------------------------+--------------------+--------------------+


+------------------------------------------+
; Parallel Compilation                     ;
+----------------------------+-------------+
; Processors                 ; Number      ;
+----------------------------+-------------+
; Number detected on machine ; 16          ;
; Maximum allowed            ; 8           ;
;                            ;             ;
; Average used               ; 1.00        ;
; Maximum used               ; 8           ;
;                            ;             ;
; Usage by Processor         ; % Time Used ;
;     Processor 1            ; 100.0%      ;
;     Processors 2-8         ;   0.0%      ;
+----------------------------+-------------+


+--------------------------------------------------------------------------------------------------------------------------------------------------------------------------+
; Analysis & Synthesis Source Files Read                                                                                                                                   ;
+----------------------------------+-----------------+------------------------------+----------------------------------------------------------------------------+---------+
; File Name with User-Entered Path ; Used in Netlist ; File Type                    ; File Name with Absolute Path                                               ; Library ;
+----------------------------------+-----------------+------------------------------+----------------------------------------------------------------------------+---------+
; parser.sv                        ; yes             ; User SystemVerilog HDL File  ; C:/Users/IA237-05/Desktop/Lab5_5_19/parser.sv                              ;         ;
; Lab5.sv                          ; yes             ; User SystemVerilog HDL File  ; C:/Users/IA237-05/Desktop/Lab5_5_19/Lab5.sv                                ;         ;
; sync.sv                          ; yes             ; User SystemVerilog HDL File  ; C:/Users/IA237-05/Desktop/Lab5_5_19/sync.sv                                ;         ;
; sevenseg.sv                      ; yes             ; User SystemVerilog HDL File  ; C:/Users/IA237-05/Desktop/Lab5_5_19/sevenseg.sv                            ;         ;
; counter.sv                       ; yes             ; User SystemVerilog HDL File  ; C:/Users/IA237-05/Desktop/Lab5_5_19/counter.sv                             ;         ;
; comparator.sv                    ; yes             ; User SystemVerilog HDL File  ; C:/Users/IA237-05/Desktop/Lab5_5_19/comparator.sv                          ;         ;
; lpm_divide.tdf                   ; yes             ; Megafunction                 ; c:/intelfpga_lite/20.1/quartus/libraries/megafunctions/lpm_divide.tdf      ;         ;
; abs_divider.inc                  ; yes             ; Megafunction                 ; c:/intelfpga_lite/20.1/quartus/libraries/megafunctions/abs_divider.inc     ;         ;
; sign_div_unsign.inc              ; yes             ; Megafunction                 ; c:/intelfpga_lite/20.1/quartus/libraries/megafunctions/sign_div_unsign.inc ;         ;
; aglobal201.inc                   ; yes             ; Megafunction                 ; c:/intelfpga_lite/20.1/quartus/libraries/megafunctions/aglobal201.inc      ;         ;
; db/lpm_divide_akl.tdf            ; yes             ; Auto-Generated Megafunction  ; C:/Users/IA237-05/Desktop/Lab5_5_19/db/lpm_divide_akl.tdf                  ;         ;
; db/sign_div_unsign_9kh.tdf       ; yes             ; Auto-Generated Megafunction  ; C:/Users/IA237-05/Desktop/Lab5_5_19/db/sign_div_unsign_9kh.tdf             ;         ;
; db/alt_u_div_see.tdf             ; yes             ; Auto-Generated Megafunction  ; C:/Users/IA237-05/Desktop/Lab5_5_19/db/alt_u_div_see.tdf                   ;         ;
; db/add_sub_t3c.tdf               ; yes             ; Auto-Generated Megafunction  ; C:/Users/IA237-05/Desktop/Lab5_5_19/db/add_sub_t3c.tdf                     ;         ;
; db/add_sub_u3c.tdf               ; yes             ; Auto-Generated Megafunction  ; C:/Users/IA237-05/Desktop/Lab5_5_19/db/add_sub_u3c.tdf                     ;         ;
; db/lpm_divide_mtl.tdf            ; yes             ; Auto-Generated Megafunction  ; C:/Users/IA237-05/Desktop/Lab5_5_19/db/lpm_divide_mtl.tdf                  ;         ;
; db/sign_div_unsign_olh.tdf       ; yes             ; Auto-Generated Megafunction  ; C:/Users/IA237-05/Desktop/Lab5_5_19/db/sign_div_unsign_olh.tdf             ;         ;
; db/alt_u_div_qhe.tdf             ; yes             ; Auto-Generated Megafunction  ; C:/Users/IA237-05/Desktop/Lab5_5_19/db/alt_u_div_qhe.tdf                   ;         ;
+----------------------------------+-----------------+------------------------------+----------------------------------------------------------------------------+---------+


+---------------------------------------------------------------+
; Analysis & Synthesis Resource Usage Summary                   ;
+---------------------------------------------+-----------------+
; Resource                                    ; Usage           ;
+---------------------------------------------+-----------------+
; Estimated Total logic elements              ; 394             ;
;                                             ;                 ;
; Total combinational functions               ; 390             ;
; Logic element usage by number of LUT inputs ;                 ;
;     -- 4 input functions                    ; 83              ;
;     -- 3 input functions                    ; 91              ;
;     -- <=2 input functions                  ; 216             ;
;                                             ;                 ;
; Logic elements by mode                      ;                 ;
;     -- normal mode                          ; 246             ;
;     -- arithmetic mode                      ; 144             ;
;                                             ;                 ;
; Total registers                             ; 52              ;
;     -- Dedicated logic registers            ; 52              ;
;     -- I/O registers                        ; 0               ;
;                                             ;                 ;
; I/O pins                                    ; 44              ;
;                                             ;                 ;
; Embedded Multiplier 9-bit elements          ; 0               ;
;                                             ;                 ;
; Maximum fan-out node                        ; clk_50MHz~input ;
; Maximum fan-out                             ; 34              ;
; Total fan-out                               ; 1206            ;
; Average fan-out                             ; 2.28            ;
+---------------------------------------------+-----------------+


+---------------------------------------------------------------------------------------------------------------------------------------------------------------------------------------------------------------------------------------------------------------------------------------------------------------------------------------------------------------+
; Analysis & Synthesis Resource Utilization by Entity                                                                                                                                                                                                                                                                                                           ;
+-------------------------------------------+---------------------+---------------------------+-------------+------------+--------------+---------+-----------+------+--------------+------------+-------------------------------------------------------------------------------------------------------------------------+---------------------+--------------+
; Compilation Hierarchy Node                ; Combinational ALUTs ; Dedicated Logic Registers ; Memory Bits ; UFM Blocks ; DSP Elements ; DSP 9x9 ; DSP 18x18 ; Pins ; Virtual Pins ; ADC blocks ; Full Hierarchy Name                                                                                                     ; Entity Name         ; Library Name ;
+-------------------------------------------+---------------------+---------------------------+-------------+------------+--------------+---------+-----------+------+--------------+------------+-------------------------------------------------------------------------------------------------------------------------+---------------------+--------------+
; |Lab5                                     ; 390 (4)             ; 52 (0)                    ; 0           ; 0          ; 0            ; 0       ; 0         ; 44   ; 0            ; 0          ; |Lab5                                                                                                                   ; Lab5                ; work         ;
;    |comparator:clk_comparator|            ; 15 (15)             ; 0 (0)                     ; 0           ; 0          ; 0            ; 0       ; 0         ; 0    ; 0            ; 0          ; |Lab5|comparator:clk_comparator                                                                                         ; comparator          ; work         ;
;    |counter:clk_counter|                  ; 26 (26)             ; 26 (26)                   ; 0           ; 0          ; 0            ; 0       ; 0         ; 0    ; 0            ; 0          ; |Lab5|counter:clk_counter                                                                                               ; counter             ; work         ;
;    |counter:hrs_counter|                  ; 6 (6)               ; 6 (6)                     ; 0           ; 0          ; 0            ; 0       ; 0         ; 0    ; 0            ; 0          ; |Lab5|counter:hrs_counter                                                                                               ; counter             ; work         ;
;    |counter:min_counter|                  ; 6 (6)               ; 6 (6)                     ; 0           ; 0          ; 0            ; 0       ; 0         ; 0    ; 0            ; 0          ; |Lab5|counter:min_counter                                                                                               ; counter             ; work         ;
;    |counter:sec_counter|                  ; 6 (6)               ; 6 (6)                     ; 0           ; 0          ; 0            ; 0       ; 0         ; 0    ; 0            ; 0          ; |Lab5|counter:sec_counter                                                                                               ; counter             ; work         ;
;    |parser:hrs_parser|                    ; 95 (6)              ; 0 (0)                     ; 0           ; 0          ; 0            ; 0       ; 0         ; 0    ; 0            ; 0          ; |Lab5|parser:hrs_parser                                                                                                 ; parser              ; work         ;
;       |lpm_divide:Div0|                   ; 56 (0)              ; 0 (0)                     ; 0           ; 0          ; 0            ; 0       ; 0         ; 0    ; 0            ; 0          ; |Lab5|parser:hrs_parser|lpm_divide:Div0                                                                                 ; lpm_divide          ; work         ;
;          |lpm_divide_mtl:auto_generated|  ; 56 (0)              ; 0 (0)                     ; 0           ; 0          ; 0            ; 0       ; 0         ; 0    ; 0            ; 0          ; |Lab5|parser:hrs_parser|lpm_divide:Div0|lpm_divide_mtl:auto_generated                                                   ; lpm_divide_mtl      ; work         ;
;             |sign_div_unsign_olh:divider| ; 56 (0)              ; 0 (0)                     ; 0           ; 0          ; 0            ; 0       ; 0         ; 0    ; 0            ; 0          ; |Lab5|parser:hrs_parser|lpm_divide:Div0|lpm_divide_mtl:auto_generated|sign_div_unsign_olh:divider                       ; sign_div_unsign_olh ; work         ;
;                |alt_u_div_qhe:divider|    ; 56 (56)             ; 0 (0)                     ; 0           ; 0          ; 0            ; 0       ; 0         ; 0    ; 0            ; 0          ; |Lab5|parser:hrs_parser|lpm_divide:Div0|lpm_divide_mtl:auto_generated|sign_div_unsign_olh:divider|alt_u_div_qhe:divider ; alt_u_div_qhe       ; work         ;
;       |lpm_divide:Mod0|                   ; 33 (0)              ; 0 (0)                     ; 0           ; 0          ; 0            ; 0       ; 0         ; 0    ; 0            ; 0          ; |Lab5|parser:hrs_parser|lpm_divide:Mod0                                                                                 ; lpm_divide          ; work         ;
;          |lpm_divide_akl:auto_generated|  ; 33 (0)              ; 0 (0)                     ; 0           ; 0          ; 0            ; 0       ; 0         ; 0    ; 0            ; 0          ; |Lab5|parser:hrs_parser|lpm_divide:Mod0|lpm_divide_akl:auto_generated                                                   ; lpm_divide_akl      ; work         ;
;             |sign_div_unsign_9kh:divider| ; 33 (0)              ; 0 (0)                     ; 0           ; 0          ; 0            ; 0       ; 0         ; 0    ; 0            ; 0          ; |Lab5|parser:hrs_parser|lpm_divide:Mod0|lpm_divide_akl:auto_generated|sign_div_unsign_9kh:divider                       ; sign_div_unsign_9kh ; work         ;
;                |alt_u_div_see:divider|    ; 33 (33)             ; 0 (0)                     ; 0           ; 0          ; 0            ; 0       ; 0         ; 0    ; 0            ; 0          ; |Lab5|parser:hrs_parser|lpm_divide:Mod0|lpm_divide_akl:auto_generated|sign_div_unsign_9kh:divider|alt_u_div_see:divider ; alt_u_div_see       ; work         ;
;    |parser:min_parser|                    ; 95 (6)              ; 0 (0)                     ; 0           ; 0          ; 0            ; 0       ; 0         ; 0    ; 0            ; 0          ; |Lab5|parser:min_parser                                                                                                 ; parser              ; work         ;
;       |lpm_divide:Div0|                   ; 56 (0)              ; 0 (0)                     ; 0           ; 0          ; 0            ; 0       ; 0         ; 0    ; 0            ; 0          ; |Lab5|parser:min_parser|lpm_divide:Div0                                                                                 ; lpm_divide          ; work         ;
;          |lpm_divide_mtl:auto_generated|  ; 56 (0)              ; 0 (0)                     ; 0           ; 0          ; 0            ; 0       ; 0         ; 0    ; 0            ; 0          ; |Lab5|parser:min_parser|lpm_divide:Div0|lpm_divide_mtl:auto_generated                                                   ; lpm_divide_mtl      ; work         ;
;             |sign_div_unsign_olh:divider| ; 56 (0)              ; 0 (0)                     ; 0           ; 0          ; 0            ; 0       ; 0         ; 0    ; 0            ; 0          ; |Lab5|parser:min_parser|lpm_divide:Div0|lpm_divide_mtl:auto_generated|sign_div_unsign_olh:divider                       ; sign_div_unsign_olh ; work         ;
;                |alt_u_div_qhe:divider|    ; 56 (56)             ; 0 (0)                     ; 0           ; 0          ; 0            ; 0       ; 0         ; 0    ; 0            ; 0          ; |Lab5|parser:min_parser|lpm_divide:Div0|lpm_divide_mtl:auto_generated|sign_div_unsign_olh:divider|alt_u_div_qhe:divider ; alt_u_div_qhe       ; work         ;
;       |lpm_divide:Mod0|                   ; 33 (0)              ; 0 (0)                     ; 0           ; 0          ; 0            ; 0       ; 0         ; 0    ; 0            ; 0          ; |Lab5|parser:min_parser|lpm_divide:Mod0                                                                                 ; lpm_divide          ; work         ;
;          |lpm_divide_akl:auto_generated|  ; 33 (0)              ; 0 (0)                     ; 0           ; 0          ; 0            ; 0       ; 0         ; 0    ; 0            ; 0          ; |Lab5|parser:min_parser|lpm_divide:Mod0|lpm_divide_akl:auto_generated                                                   ; lpm_divide_akl      ; work         ;
;             |sign_div_unsign_9kh:divider| ; 33 (0)              ; 0 (0)                     ; 0           ; 0          ; 0            ; 0       ; 0         ; 0    ; 0            ; 0          ; |Lab5|parser:min_parser|lpm_divide:Mod0|lpm_divide_akl:auto_generated|sign_div_unsign_9kh:divider                       ; sign_div_unsign_9kh ; work         ;
;                |alt_u_div_see:divider|    ; 33 (33)             ; 0 (0)                     ; 0           ; 0          ; 0            ; 0       ; 0         ; 0    ; 0            ; 0          ; |Lab5|parser:min_parser|lpm_divide:Mod0|lpm_divide_akl:auto_generated|sign_div_unsign_9kh:divider|alt_u_div_see:divider ; alt_u_div_see       ; work         ;
;    |parser:sec_parser|                    ; 95 (6)              ; 0 (0)                     ; 0           ; 0          ; 0            ; 0       ; 0         ; 0    ; 0            ; 0          ; |Lab5|parser:sec_parser                                                                                                 ; parser              ; work         ;
;       |lpm_divide:Div0|                   ; 56 (0)              ; 0 (0)                     ; 0           ; 0          ; 0            ; 0       ; 0         ; 0    ; 0            ; 0          ; |Lab5|parser:sec_parser|lpm_divide:Div0                                                                                 ; lpm_divide          ; work         ;
;          |lpm_divide_mtl:auto_generated|  ; 56 (0)              ; 0 (0)                     ; 0           ; 0          ; 0            ; 0       ; 0         ; 0    ; 0            ; 0          ; |Lab5|parser:sec_parser|lpm_divide:Div0|lpm_divide_mtl:auto_generated                                                   ; lpm_divide_mtl      ; work         ;
;             |sign_div_unsign_olh:divider| ; 56 (0)              ; 0 (0)                     ; 0           ; 0          ; 0            ; 0       ; 0         ; 0    ; 0            ; 0          ; |Lab5|parser:sec_parser|lpm_divide:Div0|lpm_divide_mtl:auto_generated|sign_div_unsign_olh:divider                       ; sign_div_unsign_olh ; work         ;
;                |alt_u_div_qhe:divider|    ; 56 (56)             ; 0 (0)                     ; 0           ; 0          ; 0            ; 0       ; 0         ; 0    ; 0            ; 0          ; |Lab5|parser:sec_parser|lpm_divide:Div0|lpm_divide_mtl:auto_generated|sign_div_unsign_olh:divider|alt_u_div_qhe:divider ; alt_u_div_qhe       ; work         ;
;       |lpm_divide:Mod0|                   ; 33 (0)              ; 0 (0)                     ; 0           ; 0          ; 0            ; 0       ; 0         ; 0    ; 0            ; 0          ; |Lab5|parser:sec_parser|lpm_divide:Mod0                                                                                 ; lpm_divide          ; work         ;
;          |lpm_divide_akl:auto_generated|  ; 33 (0)              ; 0 (0)                     ; 0           ; 0          ; 0            ; 0       ; 0         ; 0    ; 0            ; 0          ; |Lab5|parser:sec_parser|lpm_divide:Mod0|lpm_divide_akl:auto_generated                                                   ; lpm_divide_akl      ; work         ;
;             |sign_div_unsign_9kh:divider| ; 33 (0)              ; 0 (0)                     ; 0           ; 0          ; 0            ; 0       ; 0         ; 0    ; 0            ; 0          ; |Lab5|parser:sec_parser|lpm_divide:Mod0|lpm_divide_akl:auto_generated|sign_div_unsign_9kh:divider                       ; sign_div_unsign_9kh ; work         ;
;                |alt_u_div_see:divider|    ; 33 (33)             ; 0 (0)                     ; 0           ; 0          ; 0            ; 0       ; 0         ; 0    ; 0            ; 0          ; |Lab5|parser:sec_parser|lpm_divide:Mod0|lpm_divide_akl:auto_generated|sign_div_unsign_9kh:divider|alt_u_div_see:divider ; alt_u_div_see       ; work         ;
;    |sevenseg:hrs_ones_disp|               ; 7 (7)               ; 0 (0)                     ; 0           ; 0          ; 0            ; 0       ; 0         ; 0    ; 0            ; 0          ; |Lab5|sevenseg:hrs_ones_disp                                                                                            ; sevenseg            ; work         ;
;    |sevenseg:hrs_tens_disp|               ; 7 (7)               ; 0 (0)                     ; 0           ; 0          ; 0            ; 0       ; 0         ; 0    ; 0            ; 0          ; |Lab5|sevenseg:hrs_tens_disp                                                                                            ; sevenseg            ; work         ;
;    |sevenseg:min_ones_disp|               ; 7 (7)               ; 0 (0)                     ; 0           ; 0          ; 0            ; 0       ; 0         ; 0    ; 0            ; 0          ; |Lab5|sevenseg:min_ones_disp                                                                                            ; sevenseg            ; work         ;
;    |sevenseg:min_tens_disp|               ; 7 (7)               ; 0 (0)                     ; 0           ; 0          ; 0            ; 0       ; 0         ; 0    ; 0            ; 0          ; |Lab5|sevenseg:min_tens_disp                                                                                            ; sevenseg            ; work         ;
;    |sevenseg:sec_ones_disp|               ; 7 (7)               ; 0 (0)                     ; 0           ; 0          ; 0            ; 0       ; 0         ; 0    ; 0            ; 0          ; |Lab5|sevenseg:sec_ones_disp                                                                                            ; sevenseg            ; work         ;
;    |sevenseg:sec_tens_disp|               ; 7 (7)               ; 0 (0)                     ; 0           ; 0          ; 0            ; 0       ; 0         ; 0    ; 0            ; 0          ; |Lab5|sevenseg:sec_tens_disp                                                                                            ; sevenseg            ; work         ;
;    |sync:clk_sync|                        ; 0 (0)               ; 2 (2)                     ; 0           ; 0          ; 0            ; 0       ; 0         ; 0    ; 0            ; 0          ; |Lab5|sync:clk_sync                                                                                                     ; sync                ; work         ;
;    |sync:hrs_sync|                        ; 0 (0)               ; 2 (2)                     ; 0           ; 0          ; 0            ; 0       ; 0         ; 0    ; 0            ; 0          ; |Lab5|sync:hrs_sync                                                                                                     ; sync                ; work         ;
;    |sync:min_sync|                        ; 0 (0)               ; 2 (2)                     ; 0           ; 0          ; 0            ; 0       ; 0         ; 0    ; 0            ; 0          ; |Lab5|sync:min_sync                                                                                                     ; sync                ; work         ;
;    |sync:sec_sync|                        ; 0 (0)               ; 2 (2)                     ; 0           ; 0          ; 0            ; 0       ; 0         ; 0    ; 0            ; 0          ; |Lab5|sync:sec_sync                                                                                                     ; sync                ; work         ;
+-------------------------------------------+---------------------+---------------------------+-------------+------------+--------------+---------+-----------+------+--------------+------------+-------------------------------------------------------------------------------------------------------------------------+---------------------+--------------+
Note: For table entries with two numbers listed, the numbers in parentheses indicate the number of resources of the given type used by the specific entity alone. The numbers listed outside of parentheses indicate the total resources of the given type used by the specific entity and all of its sub-entities in the hierarchy.


+------------------------------------------------------+
; General Register Statistics                          ;
+----------------------------------------------+-------+
; Statistic                                    ; Value ;
+----------------------------------------------+-------+
; Total registers                              ; 52    ;
; Number of registers using Synchronous Clear  ; 0     ;
; Number of registers using Synchronous Load   ; 0     ;
; Number of registers using Asynchronous Clear ; 44    ;
; Number of registers using Asynchronous Load  ; 0     ;
; Number of registers using Clock Enable       ; 0     ;
; Number of registers using Preset             ; 0     ;
+----------------------------------------------+-------+


+------------------------------------------------------------------+
; Parameter Settings for User Entity Instance: counter:clk_counter ;
+----------------+-------+-----------------------------------------+
; Parameter Name ; Value ; Type                                    ;
+----------------+-------+-----------------------------------------+
; N              ; 25    ; Signed Integer                          ;
+----------------+-------+-----------------------------------------+
Note: In order to hide this table in the UI and the text report file, please set the "Show Parameter Settings in Synthesis Report" option in "Analysis and Synthesis Settings -> More Settings" to "Off".


+------------------------------------------------------------------+
; Parameter Settings for User Entity Instance: counter:sec_counter ;
+----------------+-------+-----------------------------------------+
; Parameter Name ; Value ; Type                                    ;
+----------------+-------+-----------------------------------------+
; N              ; 5     ; Signed Integer                          ;
+----------------+-------+-----------------------------------------+
Note: In order to hide this table in the UI and the text report file, please set the "Show Parameter Settings in Synthesis Report" option in "Analysis and Synthesis Settings -> More Settings" to "Off".


+------------------------------------------------------------------+
; Parameter Settings for User Entity Instance: counter:min_counter ;
+----------------+-------+-----------------------------------------+
; Parameter Name ; Value ; Type                                    ;
+----------------+-------+-----------------------------------------+
; N              ; 5     ; Signed Integer                          ;
+----------------+-------+-----------------------------------------+
Note: In order to hide this table in the UI and the text report file, please set the "Show Parameter Settings in Synthesis Report" option in "Analysis and Synthesis Settings -> More Settings" to "Off".


+------------------------------------------------------------------+
; Parameter Settings for User Entity Instance: counter:hrs_counter ;
+----------------+-------+-----------------------------------------+
; Parameter Name ; Value ; Type                                    ;
+----------------+-------+-----------------------------------------+
; N              ; 5     ; Signed Integer                          ;
+----------------+-------+-----------------------------------------+
Note: In order to hide this table in the UI and the text report file, please set the "Show Parameter Settings in Synthesis Report" option in "Analysis and Synthesis Settings -> More Settings" to "Off".


+------------------------------------------------------------------------------------+
; Parameter Settings for Inferred Entity Instance: parser:sec_parser|lpm_divide:Mod0 ;
+------------------------+----------------+------------------------------------------+
; Parameter Name         ; Value          ; Type                                     ;
+------------------------+----------------+------------------------------------------+
; LPM_WIDTHN             ; 6              ; Untyped                                  ;
; LPM_WIDTHD             ; 4              ; Untyped                                  ;
; LPM_NREPRESENTATION    ; UNSIGNED       ; Untyped                                  ;
; LPM_DREPRESENTATION    ; UNSIGNED       ; Untyped                                  ;
; LPM_PIPELINE           ; 0              ; Untyped                                  ;
; LPM_REMAINDERPOSITIVE  ; TRUE           ; Untyped                                  ;
; MAXIMIZE_SPEED         ; 5              ; Untyped                                  ;
; CBXI_PARAMETER         ; lpm_divide_akl ; Untyped                                  ;
; CARRY_CHAIN            ; MANUAL         ; Untyped                                  ;
; OPTIMIZE_FOR_SPEED     ; 5              ; Untyped                                  ;
; AUTO_CARRY_CHAINS      ; ON             ; AUTO_CARRY                               ;
; IGNORE_CARRY_BUFFERS   ; OFF            ; IGNORE_CARRY                             ;
; AUTO_CASCADE_CHAINS    ; ON             ; AUTO_CASCADE                             ;
; IGNORE_CASCADE_BUFFERS ; OFF            ; IGNORE_CASCADE                           ;
+------------------------+----------------+------------------------------------------+
Note: In order to hide this table in the UI and the text report file, please set the "Show Parameter Settings in Synthesis Report" option in "Analysis and Synthesis Settings -> More Settings" to "Off".


+------------------------------------------------------------------------------------+
; Parameter Settings for Inferred Entity Instance: parser:sec_parser|lpm_divide:Div0 ;
+------------------------+----------------+------------------------------------------+
; Parameter Name         ; Value          ; Type                                     ;
+------------------------+----------------+------------------------------------------+
; LPM_WIDTHN             ; 32             ; Untyped                                  ;
; LPM_WIDTHD             ; 4              ; Untyped                                  ;
; LPM_NREPRESENTATION    ; UNSIGNED       ; Untyped                                  ;
; LPM_DREPRESENTATION    ; UNSIGNED       ; Untyped                                  ;
; LPM_PIPELINE           ; 0              ; Untyped                                  ;
; LPM_REMAINDERPOSITIVE  ; TRUE           ; Untyped                                  ;
; MAXIMIZE_SPEED         ; 5              ; Untyped                                  ;
; CBXI_PARAMETER         ; lpm_divide_mtl ; Untyped                                  ;
; CARRY_CHAIN            ; MANUAL         ; Untyped                                  ;
; OPTIMIZE_FOR_SPEED     ; 5              ; Untyped                                  ;
; AUTO_CARRY_CHAINS      ; ON             ; AUTO_CARRY                               ;
; IGNORE_CARRY_BUFFERS   ; OFF            ; IGNORE_CARRY                             ;
; AUTO_CASCADE_CHAINS    ; ON             ; AUTO_CASCADE                             ;
; IGNORE_CASCADE_BUFFERS ; OFF            ; IGNORE_CASCADE                           ;
+------------------------+----------------+------------------------------------------+
Note: In order to hide this table in the UI and the text report file, please set the "Show Parameter Settings in Synthesis Report" option in "Analysis and Synthesis Settings -> More Settings" to "Off".


+------------------------------------------------------------------------------------+
; Parameter Settings for Inferred Entity Instance: parser:min_parser|lpm_divide:Mod0 ;
+------------------------+----------------+------------------------------------------+
; Parameter Name         ; Value          ; Type                                     ;
+------------------------+----------------+------------------------------------------+
; LPM_WIDTHN             ; 6              ; Untyped                                  ;
; LPM_WIDTHD             ; 4              ; Untyped                                  ;
; LPM_NREPRESENTATION    ; UNSIGNED       ; Untyped                                  ;
; LPM_DREPRESENTATION    ; UNSIGNED       ; Untyped                                  ;
; LPM_PIPELINE           ; 0              ; Untyped                                  ;
; LPM_REMAINDERPOSITIVE  ; TRUE           ; Untyped                                  ;
; MAXIMIZE_SPEED         ; 5              ; Untyped                                  ;
; CBXI_PARAMETER         ; lpm_divide_akl ; Untyped                                  ;
; CARRY_CHAIN            ; MANUAL         ; Untyped                                  ;
; OPTIMIZE_FOR_SPEED     ; 5              ; Untyped                                  ;
; AUTO_CARRY_CHAINS      ; ON             ; AUTO_CARRY                               ;
; IGNORE_CARRY_BUFFERS   ; OFF            ; IGNORE_CARRY                             ;
; AUTO_CASCADE_CHAINS    ; ON             ; AUTO_CASCADE                             ;
; IGNORE_CASCADE_BUFFERS ; OFF            ; IGNORE_CASCADE                           ;
+------------------------+----------------+------------------------------------------+
Note: In order to hide this table in the UI and the text report file, please set the "Show Parameter Settings in Synthesis Report" option in "Analysis and Synthesis Settings -> More Settings" to "Off".


+------------------------------------------------------------------------------------+
; Parameter Settings for Inferred Entity Instance: parser:min_parser|lpm_divide:Div0 ;
+------------------------+----------------+------------------------------------------+
; Parameter Name         ; Value          ; Type                                     ;
+------------------------+----------------+------------------------------------------+
; LPM_WIDTHN             ; 32             ; Untyped                                  ;
; LPM_WIDTHD             ; 4              ; Untyped                                  ;
; LPM_NREPRESENTATION    ; UNSIGNED       ; Untyped                                  ;
; LPM_DREPRESENTATION    ; UNSIGNED       ; Untyped                                  ;
; LPM_PIPELINE           ; 0              ; Untyped                                  ;
; LPM_REMAINDERPOSITIVE  ; TRUE           ; Untyped                                  ;
; MAXIMIZE_SPEED         ; 5              ; Untyped                                  ;
; CBXI_PARAMETER         ; lpm_divide_mtl ; Untyped                                  ;
; CARRY_CHAIN            ; MANUAL         ; Untyped                                  ;
; OPTIMIZE_FOR_SPEED     ; 5              ; Untyped                                  ;
; AUTO_CARRY_CHAINS      ; ON             ; AUTO_CARRY                               ;
; IGNORE_CARRY_BUFFERS   ; OFF            ; IGNORE_CARRY                             ;
; AUTO_CASCADE_CHAINS    ; ON             ; AUTO_CASCADE                             ;
; IGNORE_CASCADE_BUFFERS ; OFF            ; IGNORE_CASCADE                           ;
+------------------------+----------------+------------------------------------------+
Note: In order to hide this table in the UI and the text report file, please set the "Show Parameter Settings in Synthesis Report" option in "Analysis and Synthesis Settings -> More Settings" to "Off".


+------------------------------------------------------------------------------------+
; Parameter Settings for Inferred Entity Instance: parser:hrs_parser|lpm_divide:Mod0 ;
+------------------------+----------------+------------------------------------------+
; Parameter Name         ; Value          ; Type                                     ;
+------------------------+----------------+------------------------------------------+
; LPM_WIDTHN             ; 6              ; Untyped                                  ;
; LPM_WIDTHD             ; 4              ; Untyped                                  ;
; LPM_NREPRESENTATION    ; UNSIGNED       ; Untyped                                  ;
; LPM_DREPRESENTATION    ; UNSIGNED       ; Untyped                                  ;
; LPM_PIPELINE           ; 0              ; Untyped                                  ;
; LPM_REMAINDERPOSITIVE  ; TRUE           ; Untyped                                  ;
; MAXIMIZE_SPEED         ; 5              ; Untyped                                  ;
; CBXI_PARAMETER         ; lpm_divide_akl ; Untyped                                  ;
; CARRY_CHAIN            ; MANUAL         ; Untyped                                  ;
; OPTIMIZE_FOR_SPEED     ; 5              ; Untyped                                  ;
; AUTO_CARRY_CHAINS      ; ON             ; AUTO_CARRY                               ;
; IGNORE_CARRY_BUFFERS   ; OFF            ; IGNORE_CARRY                             ;
; AUTO_CASCADE_CHAINS    ; ON             ; AUTO_CASCADE                             ;
; IGNORE_CASCADE_BUFFERS ; OFF            ; IGNORE_CASCADE                           ;
+------------------------+----------------+------------------------------------------+
Note: In order to hide this table in the UI and the text report file, please set the "Show Parameter Settings in Synthesis Report" option in "Analysis and Synthesis Settings -> More Settings" to "Off".


+------------------------------------------------------------------------------------+
; Parameter Settings for Inferred Entity Instance: parser:hrs_parser|lpm_divide:Div0 ;
+------------------------+----------------+------------------------------------------+
; Parameter Name         ; Value          ; Type                                     ;
+------------------------+----------------+------------------------------------------+
; LPM_WIDTHN             ; 32             ; Untyped                                  ;
; LPM_WIDTHD             ; 4              ; Untyped                                  ;
; LPM_NREPRESENTATION    ; UNSIGNED       ; Untyped                                  ;
; LPM_DREPRESENTATION    ; UNSIGNED       ; Untyped                                  ;
; LPM_PIPELINE           ; 0              ; Untyped                                  ;
; LPM_REMAINDERPOSITIVE  ; TRUE           ; Untyped                                  ;
; MAXIMIZE_SPEED         ; 5              ; Untyped                                  ;
; CBXI_PARAMETER         ; lpm_divide_mtl ; Untyped                                  ;
; CARRY_CHAIN            ; MANUAL         ; Untyped                                  ;
; OPTIMIZE_FOR_SPEED     ; 5              ; Untyped                                  ;
; AUTO_CARRY_CHAINS      ; ON             ; AUTO_CARRY                               ;
; IGNORE_CARRY_BUFFERS   ; OFF            ; IGNORE_CARRY                             ;
; AUTO_CASCADE_CHAINS    ; ON             ; AUTO_CASCADE                             ;
; IGNORE_CASCADE_BUFFERS ; OFF            ; IGNORE_CASCADE                           ;
+------------------------+----------------+------------------------------------------+
Note: In order to hide this table in the UI and the text report file, please set the "Show Parameter Settings in Synthesis Report" option in "Analysis and Synthesis Settings -> More Settings" to "Off".


+-----------------------------------------------------+
; Post-Synthesis Netlist Statistics for Top Partition ;
+-----------------------+-----------------------------+
; Type                  ; Count                       ;
+-----------------------+-----------------------------+
; boundary_port         ; 44                          ;
; cycloneiii_ff         ; 52                          ;
;     CLR               ; 44                          ;
;     plain             ; 8                           ;
; cycloneiii_lcell_comb ; 390                         ;
;     arith             ; 144                         ;
;         1 data inputs ; 3                           ;
;         2 data inputs ; 56                          ;
;         3 data inputs ; 85                          ;
;     normal            ; 246                         ;
;         0 data inputs ; 27                          ;
;         1 data inputs ; 8                           ;
;         2 data inputs ; 122                         ;
;         3 data inputs ; 6                           ;
;         4 data inputs ; 83                          ;
;                       ;                             ;
; Max LUT depth         ; 20.50                       ;
; Average LUT depth     ; 15.26                       ;
+-----------------------+-----------------------------+


+-------------------------------+
; Elapsed Time Per Partition    ;
+----------------+--------------+
; Partition Name ; Elapsed Time ;
+----------------+--------------+
; Top            ; 00:00:00     ;
+----------------+--------------+


+-------------------------------+
; Analysis & Synthesis Messages ;
+-------------------------------+
Info: *******************************************************************
Info: Running Quartus Prime Analysis & Synthesis
    Info: Version 20.1.1 Build 720 11/11/2020 SJ Lite Edition
    Info: Processing started: Fri Jun 02 16:35:04 2023
Info: Command: quartus_map --read_settings_files=on --write_settings_files=off Lab5 -c Lab5
Warning (18236): Number of processors has not been specified which may cause overloading on shared machines.  Set the global assignment NUM_PARALLEL_PROCESSORS in your QSF to an appropriate value for best performance.
Info (20030): Parallel compilation is enabled and will use 8 of the 8 processors detected
Info (12021): Found 1 design units, including 1 entities, in source file parser.sv
    Info (12023): Found entity 1: parser File: C:/Users/IA237-05/Desktop/Lab5_5_19/parser.sv Line: 1
Info (12021): Found 1 design units, including 1 entities, in source file lab5.sv
    Info (12023): Found entity 1: Lab5 File: C:/Users/IA237-05/Desktop/Lab5_5_19/Lab5.sv Line: 1
Info (12021): Found 1 design units, including 1 entities, in source file sync.sv
    Info (12023): Found entity 1: sync File: C:/Users/IA237-05/Desktop/Lab5_5_19/sync.sv Line: 1
Info (12021): Found 1 design units, including 1 entities, in source file sevenseg.sv
    Info (12023): Found entity 1: sevenseg File: C:/Users/IA237-05/Desktop/Lab5_5_19/sevenseg.sv Line: 1
Info (12021): Found 1 design units, including 1 entities, in source file counter.sv
    Info (12023): Found entity 1: counter File: C:/Users/IA237-05/Desktop/Lab5_5_19/counter.sv Line: 1
Info (12021): Found 1 design units, including 1 entities, in source file comparator.sv
    Info (12023): Found entity 1: comparator File: C:/Users/IA237-05/Desktop/Lab5_5_19/comparator.sv Line: 1
Info (12021): Found 1 design units, including 1 entities, in source file lab5_block.bdf
    Info (12023): Found entity 1: Lab5_block
Warning (10236): Verilog HDL Implicit Net warning at Lab5.sv(69): created implicit net for "sec_reset" File: C:/Users/IA237-05/Desktop/Lab5_5_19/Lab5.sv Line: 69
Warning (10236): Verilog HDL Implicit Net warning at Lab5.sv(70): created implicit net for "min_reset" File: C:/Users/IA237-05/Desktop/Lab5_5_19/Lab5.sv Line: 70
Warning (10236): Verilog HDL Implicit Net warning at Lab5.sv(71): created implicit net for "hrs_reset" File: C:/Users/IA237-05/Desktop/Lab5_5_19/Lab5.sv Line: 71
Info (12127): Elaborating entity "Lab5" for the top level hierarchy
Info (12128): Elaborating entity "sync" for hierarchy "sync:clk_sync" File: C:/Users/IA237-05/Desktop/Lab5_5_19/Lab5.sv Line: 78
Info (12128): Elaborating entity "counter" for hierarchy "counter:clk_counter" File: C:/Users/IA237-05/Desktop/Lab5_5_19/Lab5.sv Line: 83
Warning (10230): Verilog HDL assignment warning at counter.sv(5): truncated value with size 32 to match size of target (26) File: C:/Users/IA237-05/Desktop/Lab5_5_19/counter.sv Line: 5
Info (12128): Elaborating entity "comparator" for hierarchy "comparator:clk_comparator" File: C:/Users/IA237-05/Desktop/Lab5_5_19/Lab5.sv Line: 93
Info (12128): Elaborating entity "counter" for hierarchy "counter:sec_counter" File: C:/Users/IA237-05/Desktop/Lab5_5_19/Lab5.sv Line: 105
Warning (10230): Verilog HDL assignment warning at counter.sv(5): truncated value with size 32 to match size of target (6) File: C:/Users/IA237-05/Desktop/Lab5_5_19/counter.sv Line: 5
Info (12128): Elaborating entity "parser" for hierarchy "parser:sec_parser" File: C:/Users/IA237-05/Desktop/Lab5_5_19/Lab5.sv Line: 110
Warning (10230): Verilog HDL assignment warning at parser.sv(8): truncated value with size 32 to match size of target (4) File: C:/Users/IA237-05/Desktop/Lab5_5_19/parser.sv Line: 8
Warning (10230): Verilog HDL assignment warning at parser.sv(9): truncated value with size 32 to match size of target (4) File: C:/Users/IA237-05/Desktop/Lab5_5_19/parser.sv Line: 9
Info (12128): Elaborating entity "sevenseg" for hierarchy "sevenseg:sec_ones_disp" File: C:/Users/IA237-05/Desktop/Lab5_5_19/Lab5.sv Line: 120
Info (278001): Inferred 6 megafunctions from design logic
    Info (278004): Inferred divider/modulo megafunction ("lpm_divide") from the following logic: "parser:sec_parser|Mod0" File: C:/Users/IA237-05/Desktop/Lab5_5_19/parser.sv Line: 8
    Info (278004): Inferred divider/modulo megafunction ("lpm_divide") from the following logic: "parser:sec_parser|Div0" File: C:/Users/IA237-05/Desktop/Lab5_5_19/parser.sv Line: 9
    Info (278004): Inferred divider/modulo megafunction ("lpm_divide") from the following logic: "parser:min_parser|Mod0" File: C:/Users/IA237-05/Desktop/Lab5_5_19/parser.sv Line: 8
    Info (278004): Inferred divider/modulo megafunction ("lpm_divide") from the following logic: "parser:min_parser|Div0" File: C:/Users/IA237-05/Desktop/Lab5_5_19/parser.sv Line: 9
    Info (278004): Inferred divider/modulo megafunction ("lpm_divide") from the following logic: "parser:hrs_parser|Mod0" File: C:/Users/IA237-05/Desktop/Lab5_5_19/parser.sv Line: 8
    Info (278004): Inferred divider/modulo megafunction ("lpm_divide") from the following logic: "parser:hrs_parser|Div0" File: C:/Users/IA237-05/Desktop/Lab5_5_19/parser.sv Line: 9
Info (12130): Elaborated megafunction instantiation "parser:sec_parser|lpm_divide:Mod0" File: C:/Users/IA237-05/Desktop/Lab5_5_19/parser.sv Line: 8
Info (12133): Instantiated megafunction "parser:sec_parser|lpm_divide:Mod0" with the following parameter: File: C:/Users/IA237-05/Desktop/Lab5_5_19/parser.sv Line: 8
    Info (12134): Parameter "LPM_WIDTHN" = "6"
    Info (12134): Parameter "LPM_WIDTHD" = "4"
    Info (12134): Parameter "LPM_NREPRESENTATION" = "UNSIGNED"
    Info (12134): Parameter "LPM_DREPRESENTATION" = "UNSIGNED"
Info (12021): Found 1 design units, including 1 entities, in source file db/lpm_divide_akl.tdf
    Info (12023): Found entity 1: lpm_divide_akl File: C:/Users/IA237-05/Desktop/Lab5_5_19/db/lpm_divide_akl.tdf Line: 25
Info (12021): Found 1 design units, including 1 entities, in source file db/sign_div_unsign_9kh.tdf
    Info (12023): Found entity 1: sign_div_unsign_9kh File: C:/Users/IA237-05/Desktop/Lab5_5_19/db/sign_div_unsign_9kh.tdf Line: 25
Info (12021): Found 1 design units, including 1 entities, in source file db/alt_u_div_see.tdf
    Info (12023): Found entity 1: alt_u_div_see File: C:/Users/IA237-05/Desktop/Lab5_5_19/db/alt_u_div_see.tdf Line: 27
Info (12021): Found 1 design units, including 1 entities, in source file db/add_sub_t3c.tdf
    Info (12023): Found entity 1: add_sub_t3c File: C:/Users/IA237-05/Desktop/Lab5_5_19/db/add_sub_t3c.tdf Line: 23
Info (12021): Found 1 design units, including 1 entities, in source file db/add_sub_u3c.tdf
    Info (12023): Found entity 1: add_sub_u3c File: C:/Users/IA237-05/Desktop/Lab5_5_19/db/add_sub_u3c.tdf Line: 23
Info (12130): Elaborated megafunction instantiation "parser:sec_parser|lpm_divide:Div0" File: C:/Users/IA237-05/Desktop/Lab5_5_19/parser.sv Line: 9
Info (12133): Instantiated megafunction "parser:sec_parser|lpm_divide:Div0" with the following parameter: File: C:/Users/IA237-05/Desktop/Lab5_5_19/parser.sv Line: 9
    Info (12134): Parameter "LPM_WIDTHN" = "32"
    Info (12134): Parameter "LPM_WIDTHD" = "4"
    Info (12134): Parameter "LPM_NREPRESENTATION" = "UNSIGNED"
    Info (12134): Parameter "LPM_DREPRESENTATION" = "UNSIGNED"
Info (12021): Found 1 design units, including 1 entities, in source file db/lpm_divide_mtl.tdf
    Info (12023): Found entity 1: lpm_divide_mtl File: C:/Users/IA237-05/Desktop/Lab5_5_19/db/lpm_divide_mtl.tdf Line: 25
Info (12021): Found 1 design units, including 1 entities, in source file db/sign_div_unsign_olh.tdf
    Info (12023): Found entity 1: sign_div_unsign_olh File: C:/Users/IA237-05/Desktop/Lab5_5_19/db/sign_div_unsign_olh.tdf Line: 25
Info (12021): Found 1 design units, including 1 entities, in source file db/alt_u_div_qhe.tdf
    Info (12023): Found entity 1: alt_u_div_qhe File: C:/Users/IA237-05/Desktop/Lab5_5_19/db/alt_u_div_qhe.tdf Line: 27
Info (286030): Timing-Driven Synthesis is running
Warning (20013): Ignored 24 assignments for entity "LAB5_top" -- entity does not exist in design
    Warning (20014): Assignment for entity set_instance_assignment -name PARTITION_HIERARCHY root_partition -to | -entity LAB5_top -section_id Top was ignored
    Warning (20014): Assignment for entity set_global_assignment -name PARTITION_NETLIST_TYPE SOURCE -entity LAB5_top -section_id Top was ignored
    Warning (20014): Assignment for entity set_global_assignment -name PARTITION_FITTER_PRESERVATION_LEVEL PLACEMENT_AND_ROUTING -entity LAB5_top -section_id Top was ignored
    Warning (20014): Assignment for entity set_global_assignment -name PARTITION_PRESERVE_HIGH_SPEED_TILES ON -entity LAB5_top -section_id Top was ignored
    Warning (20014): Assignment for entity set_global_assignment -name PARTITION_IGNORE_SOURCE_FILE_CHANGES OFF -entity LAB5_top -section_id Top was ignored
    Warning (20014): Assignment for entity set_global_assignment -name PARTITION_ALWAYS_USE_QXP_NETLIST OFF -entity LAB5_top -section_id Top was ignored
    Warning (20014): Assignment for entity set_global_assignment -name PARTITION_COLOR 16764057 -entity LAB5_top -section_id Top was ignored
    Warning (20014): Assignment for entity set_global_assignment -name PARTITION_IMPORT_ASSIGNMENTS ON -entity LAB5_top -section_id Top was ignored
    Warning (20014): Assignment for entity set_global_assignment -name PARTITION_IMPORT_EXISTING_ASSIGNMENTS REPLACE_CONFLICTING -entity LAB5_top -section_id Top was ignored
    Warning (20014): Assignment for entity set_global_assignment -name PARTITION_IMPORT_EXISTING_LOGICLOCK_REGIONS UPDATE_CONFLICTING -entity LAB5_top -section_id Top was ignored
    Warning (20014): Assignment for entity set_global_assignment -name PARTITION_IMPORT_PIN_ASSIGNMENTS ON -entity LAB5_top -section_id Top was ignored
    Warning (20014): Assignment for entity set_global_assignment -name PARTITION_IMPORT_PROMOTE_ASSIGNMENTS ON -entity LAB5_top -section_id Top was ignored
    Warning (20014): Assignment for entity set_global_assignment -name PARTITION_TYPE STANDARD_PARTITION -entity LAB5_top -section_id Top was ignored
    Warning (20014): Assignment for entity set_global_assignment -name ALLOW_MULTIPLE_PERSONAS OFF -entity LAB5_top -section_id Top was ignored
    Warning (20014): Assignment for entity set_global_assignment -name PARTITION_ASD_REGION_ID 1 -entity LAB5_top -section_id Top was ignored
    Warning (20014): Assignment for entity set_global_assignment -name CROSS_BOUNDARY_OPTIMIZATIONS OFF -entity LAB5_top -section_id Top was ignored
    Warning (20014): Assignment for entity set_global_assignment -name PROPAGATE_CONSTANTS_ON_INPUTS ON -entity LAB5_top -section_id Top was ignored
    Warning (20014): Assignment for entity set_global_assignment -name PROPAGATE_INVERSIONS_ON_INPUTS ON -entity LAB5_top -section_id Top was ignored
    Warning (20014): Assignment for entity set_global_assignment -name REMOVE_LOGIC_ON_UNCONNECTED_OUTPUTS ON -entity LAB5_top -section_id Top was ignored
    Warning (20014): Assignment for entity set_global_assignment -name MERGE_EQUIVALENT_INPUTS ON -entity LAB5_top -section_id Top was ignored
    Warning (20014): Assignment for entity set_global_assignment -name MERGE_EQUIVALENT_BIDIRS ON -entity LAB5_top -section_id Top was ignored
    Warning (20014): Assignment for entity set_global_assignment -name ABSORB_PATHS_FROM_OUTPUTS_TO_INPUTS ON -entity LAB5_top -section_id Top was ignored
    Warning (20014): Assignment for entity set_global_assignment -name PARTITION_EXTRACT_HARD_BLOCK_NODES ON -entity LAB5_top -section_id Top was ignored
    Warning (20014): Assignment for entity set_global_assignment -name PARTITION_ENABLE_STRICT_PRESERVATION OFF -entity LAB5_top -section_id Top was ignored
Warning (20013): Ignored 24 assignments for entity "Lab_5" -- entity does not exist in design
    Warning (20014): Assignment for entity set_instance_assignment -name PARTITION_HIERARCHY root_partition -to | -entity Lab_5 -section_id Top was ignored
    Warning (20014): Assignment for entity set_global_assignment -name PARTITION_NETLIST_TYPE SOURCE -entity Lab_5 -section_id Top was ignored
    Warning (20014): Assignment for entity set_global_assignment -name PARTITION_FITTER_PRESERVATION_LEVEL PLACEMENT_AND_ROUTING -entity Lab_5 -section_id Top was ignored
    Warning (20014): Assignment for entity set_global_assignment -name PARTITION_PRESERVE_HIGH_SPEED_TILES ON -entity Lab_5 -section_id Top was ignored
    Warning (20014): Assignment for entity set_global_assignment -name PARTITION_IGNORE_SOURCE_FILE_CHANGES OFF -entity Lab_5 -section_id Top was ignored
    Warning (20014): Assignment for entity set_global_assignment -name PARTITION_ALWAYS_USE_QXP_NETLIST OFF -entity Lab_5 -section_id Top was ignored
    Warning (20014): Assignment for entity set_global_assignment -name PARTITION_COLOR 16764057 -entity Lab_5 -section_id Top was ignored
    Warning (20014): Assignment for entity set_global_assignment -name PARTITION_IMPORT_ASSIGNMENTS ON -entity Lab_5 -section_id Top was ignored
    Warning (20014): Assignment for entity set_global_assignment -name PARTITION_IMPORT_EXISTING_ASSIGNMENTS REPLACE_CONFLICTING -entity Lab_5 -section_id Top was ignored
    Warning (20014): Assignment for entity set_global_assignment -name PARTITION_IMPORT_EXISTING_LOGICLOCK_REGIONS UPDATE_CONFLICTING -entity Lab_5 -section_id Top was ignored
    Warning (20014): Assignment for entity set_global_assignment -name PARTITION_IMPORT_PIN_ASSIGNMENTS ON -entity Lab_5 -section_id Top was ignored
    Warning (20014): Assignment for entity set_global_assignment -name PARTITION_IMPORT_PROMOTE_ASSIGNMENTS ON -entity Lab_5 -section_id Top was ignored
    Warning (20014): Assignment for entity set_global_assignment -name PARTITION_TYPE STANDARD_PARTITION -entity Lab_5 -section_id Top was ignored
    Warning (20014): Assignment for entity set_global_assignment -name ALLOW_MULTIPLE_PERSONAS OFF -entity Lab_5 -section_id Top was ignored
    Warning (20014): Assignment for entity set_global_assignment -name PARTITION_ASD_REGION_ID 1 -entity Lab_5 -section_id Top was ignored
    Warning (20014): Assignment for entity set_global_assignment -name CROSS_BOUNDARY_OPTIMIZATIONS OFF -entity Lab_5 -section_id Top was ignored
    Warning (20014): Assignment for entity set_global_assignment -name PROPAGATE_CONSTANTS_ON_INPUTS ON -entity Lab_5 -section_id Top was ignored
    Warning (20014): Assignment for entity set_global_assignment -name PROPAGATE_INVERSIONS_ON_INPUTS ON -entity Lab_5 -section_id Top was ignored
    Warning (20014): Assignment for entity set_global_assignment -name REMOVE_LOGIC_ON_UNCONNECTED_OUTPUTS ON -entity Lab_5 -section_id Top was ignored
    Warning (20014): Assignment for entity set_global_assignment -name MERGE_EQUIVALENT_INPUTS ON -entity Lab_5 -section_id Top was ignored
    Warning (20014): Assignment for entity set_global_assignment -name MERGE_EQUIVALENT_BIDIRS ON -entity Lab_5 -section_id Top was ignored
    Warning (20014): Assignment for entity set_global_assignment -name ABSORB_PATHS_FROM_OUTPUTS_TO_INPUTS ON -entity Lab_5 -section_id Top was ignored
    Warning (20014): Assignment for entity set_global_assignment -name PARTITION_EXTRACT_HARD_BLOCK_NODES ON -entity Lab_5 -section_id Top was ignored
    Warning (20014): Assignment for entity set_global_assignment -name PARTITION_ENABLE_STRICT_PRESERVATION OFF -entity Lab_5 -section_id Top was ignored
Warning (20013): Ignored 24 assignments for entity "clock_top" -- entity does not exist in design
    Warning (20014): Assignment for entity set_instance_assignment -name PARTITION_HIERARCHY root_partition -to | -entity clock_top -section_id Top was ignored
    Warning (20014): Assignment for entity set_global_assignment -name PARTITION_NETLIST_TYPE SOURCE -entity clock_top -section_id Top was ignored
    Warning (20014): Assignment for entity set_global_assignment -name PARTITION_FITTER_PRESERVATION_LEVEL PLACEMENT_AND_ROUTING -entity clock_top -section_id Top was ignored
    Warning (20014): Assignment for entity set_global_assignment -name PARTITION_PRESERVE_HIGH_SPEED_TILES ON -entity clock_top -section_id Top was ignored
    Warning (20014): Assignment for entity set_global_assignment -name PARTITION_IGNORE_SOURCE_FILE_CHANGES OFF -entity clock_top -section_id Top was ignored
    Warning (20014): Assignment for entity set_global_assignment -name PARTITION_ALWAYS_USE_QXP_NETLIST OFF -entity clock_top -section_id Top was ignored
    Warning (20014): Assignment for entity set_global_assignment -name PARTITION_COLOR 16764057 -entity clock_top -section_id Top was ignored
    Warning (20014): Assignment for entity set_global_assignment -name PARTITION_IMPORT_ASSIGNMENTS ON -entity clock_top -section_id Top was ignored
    Warning (20014): Assignment for entity set_global_assignment -name PARTITION_IMPORT_EXISTING_ASSIGNMENTS REPLACE_CONFLICTING -entity clock_top -section_id Top was ignored
    Warning (20014): Assignment for entity set_global_assignment -name PARTITION_IMPORT_EXISTING_LOGICLOCK_REGIONS UPDATE_CONFLICTING -entity clock_top -section_id Top was ignored
    Warning (20014): Assignment for entity set_global_assignment -name PARTITION_IMPORT_PIN_ASSIGNMENTS ON -entity clock_top -section_id Top was ignored
    Warning (20014): Assignment for entity set_global_assignment -name PARTITION_IMPORT_PROMOTE_ASSIGNMENTS ON -entity clock_top -section_id Top was ignored
    Warning (20014): Assignment for entity set_global_assignment -name PARTITION_TYPE STANDARD_PARTITION -entity clock_top -section_id Top was ignored
    Warning (20014): Assignment for entity set_global_assignment -name ALLOW_MULTIPLE_PERSONAS OFF -entity clock_top -section_id Top was ignored
    Warning (20014): Assignment for entity set_global_assignment -name PARTITION_ASD_REGION_ID 1 -entity clock_top -section_id Top was ignored
    Warning (20014): Assignment for entity set_global_assignment -name CROSS_BOUNDARY_OPTIMIZATIONS OFF -entity clock_top -section_id Top was ignored
    Warning (20014): Assignment for entity set_global_assignment -name PROPAGATE_CONSTANTS_ON_INPUTS ON -entity clock_top -section_id Top was ignored
    Warning (20014): Assignment for entity set_global_assignment -name PROPAGATE_INVERSIONS_ON_INPUTS ON -entity clock_top -section_id Top was ignored
    Warning (20014): Assignment for entity set_global_assignment -name REMOVE_LOGIC_ON_UNCONNECTED_OUTPUTS ON -entity clock_top -section_id Top was ignored
    Warning (20014): Assignment for entity set_global_assignment -name MERGE_EQUIVALENT_INPUTS ON -entity clock_top -section_id Top was ignored
    Warning (20014): Assignment for entity set_global_assignment -name MERGE_EQUIVALENT_BIDIRS ON -entity clock_top -section_id Top was ignored
    Warning (20014): Assignment for entity set_global_assignment -name ABSORB_PATHS_FROM_OUTPUTS_TO_INPUTS ON -entity clock_top -section_id Top was ignored
    Warning (20014): Assignment for entity set_global_assignment -name PARTITION_EXTRACT_HARD_BLOCK_NODES ON -entity clock_top -section_id Top was ignored
    Warning (20014): Assignment for entity set_global_assignment -name PARTITION_ENABLE_STRICT_PRESERVATION OFF -entity clock_top -section_id Top was ignored
Info (16010): Generating hard_block partition "hard_block:auto_generated_inst"
    Info (16011): Adding 0 node(s), including 0 DDIO, 0 PLL, 0 transceiver and 0 LCELL
Info (21057): Implemented 438 device resources after synthesis - the final resource count might be different
    Info (21058): Implemented 2 input pins
    Info (21059): Implemented 42 output pins
    Info (21061): Implemented 394 logic cells
Info: Quartus Prime Analysis & Synthesis was successful. 0 errors, 83 warnings
    Info: Peak virtual memory: 4817 megabytes
    Info: Processing ended: Fri Jun 02 16:35:09 2023
    Info: Elapsed time: 00:00:05
    Info: Total CPU time (on all processors): 00:00:14


